


materialPath: F:\Program Files\Steam\steamapps\common\Counter-Strike Global Offensive\csgo\materials
Loading f:\workspace\game\counter-strike global offensive\maps\aim_minecraft_castle\sdk_content\maps\aim_minecraft_castle_build3.vmf
Map revision 637
fixing up env_cubemap materials on brush sides...
0...1...2...3...4...5...6...7...8...9...100...1...2...3...4...5...6...7...8...9...10Processing areas...done (0)
Building Faces...done (0)
Chop Details...done (0)
Find Visible Detail Sides...
Merged 1182 detail faces...done (0)
Merging details...done (0)
FixTjuncs...
PruneNodes...
WriteBSP...
done (1)
writing f:\workspace\game\counter-strike global offensive\maps\aim_minecraft_castle\sdk_content\maps\aim_minecraft_castle_build3.prt...Building visibility clusters...
AutoVisClustering (threshold=-1) matched 0 leafs.
done (0)
Finding displacement neighbors...
Finding lightmap sample positions...
Displacement Alpha : 0...1...2...3...4...5...6...7...8...9...10
Building Physics collision data...
done (3) (826431 bytes)
Static prop models/minecraft/block/plants/grass.mdl outside the map (-520.00, 1880.00, 0.00)
Static prop models/minecraft/block/plants/grass.mdl outside the map (-480.00, 1920.00, 40.00)
Static prop models/minecraft/block/plants/grass.mdl outside the map (-360.00, -1320.00, -40.00)
Static prop models/minecraft/block/plants/fern.mdl outside the map (-440.00, -1320.00, -40.00)
Static prop models/minecraft/block/plants/grass.mdl outside the map (-520.00, -1280.00, -40.00)
Static prop models/minecraft/block/plants/grass.mdl outside the map (-200.00, -1280.00, -40.00)
Static prop models/minecraft/block/plants/grass.mdl outside the map (-320.00, -1320.00, -40.00)
Static prop models/minecraft/block/plants/grass.mdl outside the map (960.00, -1600.00, 0.00)
Static prop models/minecraft/block/plants/fern.mdl outside the map (720.00, -2920.00, 0.00)
Placing detail props : 0...1...2...3...4...5...6...7...8...9...10
Compacting texture/material tables...
Reduced 562 texinfos to 227
Reduced 61 texdatas to 60 (2056 bytes to 1955)
Writing f:\workspace\game\counter-strike global offensive\maps\aim_minecraft_castle\sdk_content\maps\aim_minecraft_castle_build3.bsp
MSG_FILEWRITE - Filesystem was asked to write to 'f:\workspace\game\counter-strike global offensive\maps\aim_minecraft_castle\sdk_content\maps\aim_minecraft_castle_build3.bsp', but we don't own that location. Allowing...
8 seconds elapsed



2 threads
reading f:\workspace\game\counter-strike global offensive\maps\aim_minecraft_castle\sdk_content\maps\aim_minecraft_castle_build3.bsp
reading f:\workspace\game\counter-strike global offensive\maps\aim_minecraft_castle\sdk_content\maps\aim_minecraft_castle_build3.prt
 473 portalclusters
1502 numportals
0...1...2...3...4...5...6...7...8...9...100...1...2...3...4...5...6...7...8...9...10Optimized: 184 visible clusters (0.00%)
Total clusters visible: 96782
Average clusters visible: 204
Building PAS...
Average clusters audible: 470
visdatasize:58064  compressed from 60544
writing f:\workspace\game\counter-strike global offensive\maps\aim_minecraft_castle\sdk_content\maps\aim_minecraft_castle_build3.bsp
MSG_FILEWRITE - Filesystem was asked to write to 'f:\workspace\game\counter-strike global offensive\maps\aim_minecraft_castle\sdk_content\maps\aim_minecraft_castle_build3.bsp', but we don't own that location. Allowing...
2 minutes, 20 seconds elapsed



[Reading texlights from 'lights.rad']
[40 texlights parsed from 'lights.rad']

Loading f:\workspace\game\counter-strike global offensive\maps\aim_minecraft_castle\sdk_content\maps\aim_minecraft_castle_build3.bsp
7586 faces
3312135 square feet [476947552.00 square inches]
164 Displacements
1555 Square Feet [224000.00 Square Inches]
7586 patches before subdivision
103956 patches after subdivision
23 direct lights
0...1...2...3...4...5...6...7...8...9...100...1...2...3...4...5...6...7...8...9...10transfers 16093771, max 3463
transfer lists: 122.8 megs
0...1...2...3...4...5...6...7...8...9...10	Bounce #1 added RGB(28468, 46901, 89316)
0...1...2...3...4...5...6...7...8...9...10	Bounce #2 added RGB(5441, 7967, 14099)
0...1...2...3...4...5...6...7...8...9...10	Bounce #3 added RGB(1161, 1653, 2933)
0...1...2...3...4...5...6...7...8...9...10	Bounce #4 added RGB(266, 335, 558)
0...1...2...3...4...5...6...7...8...9...10	Bounce #5 added RGB(64, 80, 133)
0...1...2...3...4...5...6...7...8...9...10	Bounce #6 added RGB(16, 18, 29)
0...1...2...3...4...5...6...7...8...9...10	Bounce #7 added RGB(4, 5, 7)
0...1...2...3...4...5...6...7...8...9...10	Bounce #8 added RGB(1, 1, 2)
0...1...2...3...4...5...6...7...8...9...10	Bounce #9 added RGB(0, 0, 0)
Build Patch/Sample Hash Table(s).....Done<0.1249 sec>
0...1...2...3...4...5...6...7...8...9...10FinalLightFace Done
0 of 0 (0% of) surface lights went in leaf ambient cubes.
0...1...2...3...4...5...6...7...8...9...10Writing leaf ambient...done
Computing static prop lighting : 00...1...2...3...4...5...6...7...8...9...10
Ready to Finish

Object names       Objects/Maxobjs  Memory / Maxmem  Fullness 
------------       ---------------  ---------------  -------- 
models                   8/1024          384/49152    ( 0.8%) 
brushes               2182/8192        26184/98304    (26.6%) 
brushsides           14027/81920      112216/655360   (17.1%) 
planes                1748/65536       34960/1310720  ( 2.7%) 
vertexes             11213/65536      134556/786432   (17.1%) 
nodes                 2853/65536       91296/2097152  ( 4.4%) 
texinfos               227/12288       16344/884736   ( 1.8%) 
texdata                 60/4096         1920/131072   ( 1.5%) 
dispinfos              164/0           28864/0        ( 0.0%) 
disp_verts            4100/0           82000/0        ( 0.0%) 
disp_tris             5248/0           10496/0        ( 0.0%) 
disp_multiblend          0/0               0/0        ( 0.0%) 
disp_lmsamples       17512/0           17512/0        ( 0.0%) 
faces                 7586/65536      424816/3670016  (11.6%) 
hdr faces                0/65536           0/3670016  ( 0.0%) 
origfaces             5355/65536      299880/3670016  ( 8.2%) 
facebrushes           1247/0            2494/0        ( 0.0%) 
facebrushlists        7586/0           30344/0        ( 0.0%) 
leaves                2862/65536       91584/2097152  ( 4.4%) 
leaffaces             8540/65536       17080/131072   (13.0%) 
leafbrushes           4860/65536        9720/131072   ( 7.4%) 
areas                    3/1024           24/8192     ( 0.3%) 
surfedges            57501/512000     230004/2048000  (11.2%) 
edges                33918/256000     135672/1024000  (13.2%) 
LDR worldlights         23/8192         2300/819200   ( 0.3%) 
HDR worldlights          0/8192            0/819200   ( 0.0%) 
leafwaterdata            1/32768          12/393216   ( 0.0%) 
waterstrips           1077/32768       10770/327680   ( 3.3%) 
waterverts               0/65536           0/786432   ( 0.0%) 
waterindices         19038/65536       38076/131072   (29.0%) 
cubemapsamples          14/1024          224/16384    ( 1.4%) 
overlays               197/1024        69344/360448   (19.2%) 
LDR lightdata         [variable]     4097120/0        ( 0.0%) 
HDR lightdata         [variable]           0/0        ( 0.0%) 
visdata               [variable]       58064/16777216 ( 0.3%) 
entdata               [variable]       34905/393216   ( 8.9%) 
LDR ambient table     2862/65536       11448/262144   ( 4.4%) 
HDR ambient table     2862/65536       11448/262144   ( 4.4%) 
LDR leaf ambient      9424/65536      263872/1835008  (14.4%) 
HDR leaf ambient      2862/65536       80136/1835008  ( 4.4%) 
occluders                1/0              40/0        ( 0.0%) 
occluder polygons       64/0             768/0        ( 0.0%) 
occluder vert ind      272/0            1088/0        ( 0.0%) 
detail props          [variable]           1/12       ( 8.3%) 
static props          [variable]           1/63250    ( 0.0%) 
pakfile               [variable]     4032511/0        ( 0.0%) 
physics               [variable]      826431/4194304  (19.7%) 
physics terrain       [variable]        8694/1048576  ( 0.8%) 

Level flags = 7d

Total triangle count: 20909
Writing f:\workspace\game\counter-strike global offensive\maps\aim_minecraft_castle\sdk_content\maps\aim_minecraft_castle_build3.bsp
MSG_FILEWRITE - Filesystem was asked to write to 'f:\workspace\game\counter-strike global offensive\maps\aim_minecraft_castle\sdk_content\maps\aim_minecraft_castle_build3.bsp', but we don't own that location. Allowing...
1 hour, 44 minutes, 46 seconds elapsed



[Reading texlights from 'lights.rad']
[40 texlights parsed from 'lights.rad']

Loading f:\workspace\game\counter-strike global offensive\maps\aim_minecraft_castle\sdk_content\maps\aim_minecraft_castle_build3.bsp
7586 faces
3312135 square feet [476947552.00 square inches]
164 Displacements
1555 Square Feet [224000.00 Square Inches]
7586 patches before subdivision
103956 patches after subdivision
23 direct lights
0...1...2...3...4...5...6...7...8...9...100...1...2...3...4...5...6...7...8...9...10transfers 16093771, max 3463
transfer lists: 122.8 megs
0...1...2...3...4...5...6...7...8...9...10	Bounce #1 added RGB(28468, 46902, 89318)
0...1...2...3...4...5...6...7...8...9...10	Bounce #2 added RGB(5441, 7967, 14099)
0...1...2...3...4...5...6...7...8...9...10	Bounce #3 added RGB(1161, 1653, 2933)
0...1...2...3...4...5...6...7...8...9...10	Bounce #4 added RGB(266, 335, 558)
0...1...2...3...4...5...6...7...8...9...10	Bounce #5 added RGB(64, 80, 133)
0...1...2...3...4...5...6...7...8...9...10	Bounce #6 added RGB(16, 18, 29)
0...1...2...3...4...5...6...7...8...9...10	Bounce #7 added RGB(4, 5, 7)
0...1...2...3...4...5...6...7...8...9...10	Bounce #8 added RGB(1, 1, 2)
0...1...2...3...4...5...6...7...8...9...10	Bounce #9 added RGB(0, 0, 0)
Build Patch/Sample Hash Table(s).....Done<0.1265 sec>
0...1...2...3...4...5...6...7...8...9...10FinalLightFace Done
0 of 0 (0% of) surface lights went in leaf ambient cubes.
0...1...2...3...4...5...6...7...8...9...10Writing leaf ambient...done
Computing static prop lighting : 00...1...2...3...4...5...6...7...8...9...10
Ready to Finish

Object names       Objects/Maxobjs  Memory / Maxmem  Fullness 
------------       ---------------  ---------------  -------- 
models                   8/1024          384/49152    ( 0.8%) 
brushes               2182/8192        26184/98304    (26.6%) 
brushsides           14027/81920      112216/655360   (17.1%) 
planes                1748/65536       34960/1310720  ( 2.7%) 
vertexes             11213/65536      134556/786432   (17.1%) 
nodes                 2853/65536       91296/2097152  ( 4.4%) 
texinfos               227/12288       16344/884736   ( 1.8%) 
texdata                 60/4096         1920/131072   ( 1.5%) 
dispinfos              164/0           28864/0        ( 0.0%) 
disp_verts            4100/0           82000/0        ( 0.0%) 
disp_tris             5248/0           10496/0        ( 0.0%) 
disp_multiblend          0/0               0/0        ( 0.0%) 
disp_lmsamples       17512/0           17512/0        ( 0.0%) 
faces                 7586/65536      424816/3670016  (11.6%) 
hdr faces             7586/65536      424816/3670016  (11.6%) 
origfaces             5355/65536      299880/3670016  ( 8.2%) 
facebrushes           1247/0            2494/0        ( 0.0%) 
facebrushlists        7586/0           30344/0        ( 0.0%) 
leaves                2862/65536       91584/2097152  ( 4.4%) 
leaffaces             8540/65536       17080/131072   (13.0%) 
leafbrushes           4860/65536        9720/131072   ( 7.4%) 
areas                    3/1024           24/8192     ( 0.3%) 
surfedges            57501/512000     230004/2048000  (11.2%) 
edges                33918/256000     135672/1024000  (13.2%) 
LDR worldlights         23/8192         2300/819200   ( 0.3%) 
HDR worldlights         23/8192         2300/819200   ( 0.3%) 
leafwaterdata            1/32768          12/393216   ( 0.0%) 
waterstrips           1077/32768       10770/327680   ( 3.3%) 
waterverts               0/65536           0/786432   ( 0.0%) 
waterindices         19038/65536       38076/131072   (29.0%) 
cubemapsamples          14/1024          224/16384    ( 1.4%) 
overlays               197/1024        69344/360448   (19.2%) 
LDR lightdata         [variable]     4097120/0        ( 0.0%) 
HDR lightdata         [variable]     4097120/0        ( 0.0%) 
visdata               [variable]       58064/16777216 ( 0.3%) 
entdata               [variable]       34905/393216   ( 8.9%) 
LDR ambient table     2862/65536       11448/262144   ( 4.4%) 
HDR ambient table     2862/65536       11448/262144   ( 4.4%) 
LDR leaf ambient      9424/65536      263872/1835008  (14.4%) 
HDR leaf ambient      9424/65536      263872/1835008  (14.4%) 
occluders                1/0              40/0        ( 0.0%) 
occluder polygons       64/0             768/0        ( 0.0%) 
occluder vert ind      272/0            1088/0        ( 0.0%) 
detail props          [variable]           1/12       ( 8.3%) 
static props          [variable]           1/63250    ( 0.0%) 
pakfile               [variable]     6953307/0        ( 0.0%) 
physics               [variable]      826431/4194304  (19.7%) 
physics terrain       [variable]        8694/1048576  ( 0.8%) 

Level flags = 7f

Total triangle count: 20909
Writing f:\workspace\game\counter-strike global offensive\maps\aim_minecraft_castle\sdk_content\maps\aim_minecraft_castle_build3.bsp
MSG_FILEWRITE - Filesystem was asked to write to 'f:\workspace\game\counter-strike global offensive\maps\aim_minecraft_castle\sdk_content\maps\aim_minecraft_castle_build3.bsp', but we don't own that location. Allowing...
1 hour, 41 minutes, 46 seconds elapsed
